<?xml version="1.0" encoding="UTF-8"?>
<!-- Generated by org.testng.reporters.JUnitReportReporter -->
<testsuite hostname="LAPTOP-OAE6CNGV" failures="0" tests="2" name="Min_TestNG.TestnG_Amazon" time="41.613" errors="0" timestamp="2023-09-14T10:29:09 IST" skipped="0">
  <testcase classname="Min_TestNG.TestnG_Amazon" name="verifyLogo" time="21.067"/>
  <testcase classname="Min_TestNG.TestnG_Amazon" name="verifyTitle" time="20.546"/>
</testsuite> <!-- Min_TestNG.TestnG_Amazon -->
